<?xml version="1.0" encoding="UTF-8"?>
<!-- Generated by org.testng.reporters.JUnitReportReporter -->
<testsuite skipped="0" hostname="diego-Lenovo-ideapad-310-15ISK" name="com.vinicius.teste.GoogleSearchTest" tests="2" failures="0" timestamp="24 abr 2020 10:12:39 GMT" time="8.288" errors="0">
  <testcase name="google1" time="3.585" classname="com.vinicius.teste.GoogleSearchTest"/>
  <testcase name="google0" time="4.703" classname="com.vinicius.teste.GoogleSearchTest"/>
</testsuite> <!-- com.vinicius.teste.GoogleSearchTest -->
