<?xml version="1.0" encoding="UTF-8"?>
<!-- Generated by org.testng.reporters.JUnitReportReporter -->
<testsuite skipped="0" hostname="diego-Lenovo-ideapad-310-15ISK" name="com.josealdo.teste.GoogleSearchTest" tests="2" failures="0" timestamp="24 abr 2020 10:21:34 GMT" time="8.237" errors="0">
  <testcase name="google1" time="3.629" classname="com.josealdo.teste.GoogleSearchTest"/>
  <testcase name="google0" time="4.608" classname="com.josealdo.teste.GoogleSearchTest"/>
</testsuite> <!-- com.josealdo.teste.GoogleSearchTest -->
