<?xml version="1.0" encoding="UTF-8"?>
<!-- Generated by org.testng.reporters.JUnitReportReporter -->
<testsuite hostname="vinicius-Aspire-ES1-572" failures="0" tests="1" name="com.thiago.teste.GuruTest" time="7.418" errors="0" timestamp="20 abr 2020 19:19:13 GMT" skipped="0">
  <testcase classname="com.thiago.teste.GuruTest" name="loginSucesso" time="7.418"/>
</testsuite> <!-- com.thiago.teste.GuruTest -->
