<?xml version="1.0" encoding="UTF-8"?>
<!-- Generated by org.testng.reporters.JUnitReportReporter -->
<testsuite skipped="0" hostname="diego-Lenovo-ideapad-310-15ISK" name="com.vinicius.teste.GuruTest" tests="1" failures="0" timestamp="24 abr 2020 10:12:39 GMT" time="5.421" errors="0">
  <testcase name="loginSucesso" time="5.421" classname="com.vinicius.teste.GuruTest"/>
</testsuite> <!-- com.vinicius.teste.GuruTest -->
