<?xml version="1.0" encoding="UTF-8"?>
<!-- Generated by org.testng.reporters.JUnitReportReporter -->
<testsuite skipped="0" hostname="diego-Lenovo-ideapad-310-15ISK" name="com.josealdo.teste.GuruAlert" tests="1" failures="0" timestamp="24 abr 2020 10:21:34 GMT" time="3.703" errors="0">
  <testcase name="idSucess" time="3.703" classname="com.josealdo.teste.GuruAlert"/>
</testsuite> <!-- com.josealdo.teste.GuruAlert -->
