<?xml version="1.0" encoding="UTF-8"?>
<!-- Generated by org.testng.reporters.JUnitReportReporter -->
<testsuite hostname="vinicius-Aspire-ES1-572" failures="0" tests="1" name="com.thiago.teste.GuruTestRegister" time="8.220" errors="0" timestamp="21 abr 2020 17:44:30 GMT" skipped="0">
  <testcase classname="com.thiago.teste.GuruTestRegister" name="loginSucesso" time="8.220"/>
</testsuite> <!-- com.thiago.teste.GuruTestRegister -->
