<?xml version="1.0" encoding="UTF-8"?>
<!-- Generated by org.testng.reporters.JUnitReportReporter -->
<testsuite skipped="0" hostname="diego-Lenovo-ideapad-310-15ISK" name="com.vinicius.teste.GuruAlert" tests="1" failures="0" timestamp="24 abr 2020 10:12:39 GMT" time="18.223" errors="0">
  <testcase name="idSucess" time="18.223" classname="com.vinicius.teste.GuruAlert"/>
</testsuite> <!-- com.vinicius.teste.GuruAlert -->
