<?xml version="1.0" encoding="UTF-8"?>
<!-- Generated by org.testng.reporters.JUnitReportReporter -->
<testsuite skipped="0" hostname="diego-Lenovo-ideapad-310-15ISK" name="com.josealdo.teste.GuruTest" tests="1" failures="0" timestamp="24 abr 2020 10:21:34 GMT" time="4.502" errors="0">
  <testcase name="loginSucesso" time="4.502" classname="com.josealdo.teste.GuruTest"/>
</testsuite> <!-- com.josealdo.teste.GuruTest -->
